2023-07-19 20:36:41 LogWapper init() ./logs/Bot.log
2023-07-19 20:36:42 Bot started with
{'AUD_USD': {'pair': 'AUD_USD', 'units': 1000, 'short_ma': 2, 'long_ma': 8},
 'EUR_CHF': {'pair': 'EUR_CHF', 'units': 1000, 'short_ma': 2, 'long_ma': 8},
 'EUR_GBP': {'pair': 'EUR_GBP', 'units': 1000, 'short_ma': 2, 'long_ma': 8},
 'EUR_USD': {'pair': 'EUR_USD', 'units': 1000, 'short_ma': 2, 'long_ma': 8},
 'GBP_JPY': {'pair': 'GBP_JPY', 'units': 1000, 'short_ma': 2, 'long_ma': 8},
 'GBP_USD': {'pair': 'GBP_USD', 'units': 1000, 'short_ma': 2, 'long_ma': 8}}
2023-07-19 20:36:42 Bot Timings
{'AUD_USD': {'last_candle': Timestamp('2023-07-19 19:35:00+0000', tz='tzutc()'), 'ready': False},
 'EUR_CHF': {'last_candle': Timestamp('2023-07-19 19:35:00+0000', tz='tzutc()'), 'ready': False},
 'EUR_GBP': {'last_candle': Timestamp('2023-07-19 19:35:00+0000', tz='tzutc()'), 'ready': False},
 'EUR_USD': {'last_candle': Timestamp('2023-07-19 19:35:00+0000', tz='tzutc()'), 'ready': False},
 'GBP_JPY': {'last_candle': Timestamp('2023-07-19 19:35:00+0000', tz='tzutc()'), 'ready': False},
 'GBP_USD': {'last_candle': Timestamp('2023-07-19 19:35:00+0000', tz='tzutc()'), 'ready': False}}
2023-07-19 20:37:04 EUR_USD new candle 2023-07-19 19:36:00+00:00
2023-07-19 20:37:04 GBP_JPY new candle 2023-07-19 19:36:00+00:00
2023-07-19 20:37:04 GBP_USD new candle 2023-07-19 19:36:00+00:00
2023-07-19 20:37:04 EUR_CHF new candle 2023-07-19 19:36:00+00:00
2023-07-19 20:37:05 EUR_GBP new candle 2023-07-19 19:36:00+00:00
2023-07-19 20:37:05 Ready to trade EUR_USD
2023-07-19 20:37:05 Ready to trade GBP_JPY
2023-07-19 20:37:05 Ready to trade GBP_USD
2023-07-19 20:37:05 Ready to trade EUR_CHF
2023-07-19 20:37:05 Ready to trade EUR_GBP
2023-07-19 20:37:16 AUD_USD new candle 2023-07-19 19:36:00+00:00
2023-07-19 20:37:16 Ready to trade AUD_USD
2023-07-19 20:38:09 EUR_USD new candle 2023-07-19 19:37:00+00:00
2023-07-19 20:38:10 GBP_JPY new candle 2023-07-19 19:37:00+00:00
2023-07-19 20:38:10 AUD_USD new candle 2023-07-19 19:37:00+00:00
2023-07-19 20:38:10 GBP_USD new candle 2023-07-19 19:37:00+00:00
2023-07-19 20:38:10 EUR_CHF new candle 2023-07-19 19:37:00+00:00
2023-07-19 20:38:10 EUR_GBP new candle 2023-07-19 19:37:00+00:00
2023-07-19 20:38:10 Ready to trade EUR_USD
2023-07-19 20:38:10 Ready to trade GBP_JPY
2023-07-19 20:38:10 Ready to trade AUD_USD
2023-07-19 20:38:10 Ready to trade GBP_USD
2023-07-19 20:38:11 Ready to trade EUR_CHF
2023-07-19 20:38:11 Ready to trade EUR_GBP
2023-07-19 20:39:04 EUR_USD new candle 2023-07-19 19:38:00+00:00
2023-07-19 20:39:04 GBP_JPY new candle 2023-07-19 19:38:00+00:00
2023-07-19 20:39:04 AUD_USD new candle 2023-07-19 19:38:00+00:00
2023-07-19 20:39:04 GBP_USD new candle 2023-07-19 19:38:00+00:00
2023-07-19 20:39:05 EUR_CHF new candle 2023-07-19 19:38:00+00:00
2023-07-19 20:39:05 EUR_GBP new candle 2023-07-19 19:38:00+00:00
2023-07-19 20:39:05 Ready to trade EUR_USD
2023-07-19 20:39:05 Ready to trade GBP_JPY
2023-07-19 20:39:05 Ready to trade AUD_USD
2023-07-19 20:39:05 Ready to trade GBP_USD
2023-07-19 20:39:05 Ready to trade EUR_CHF
2023-07-19 20:39:05 Ready to trade EUR_GBP
2023-07-19 20:40:09 EUR_USD new candle 2023-07-19 19:39:00+00:00
2023-07-19 20:40:09 GBP_JPY new candle 2023-07-19 19:39:00+00:00
2023-07-19 20:40:10 AUD_USD new candle 2023-07-19 19:39:00+00:00
2023-07-19 20:40:10 GBP_USD new candle 2023-07-19 19:39:00+00:00
2023-07-19 20:40:10 EUR_CHF new candle 2023-07-19 19:39:00+00:00
2023-07-19 20:40:10 EUR_GBP new candle 2023-07-19 19:39:00+00:00
2023-07-19 20:40:10 Ready to trade EUR_USD
2023-07-19 20:40:10 Ready to trade GBP_JPY
2023-07-19 20:40:10 Ready to trade AUD_USD
2023-07-19 20:40:10 Ready to trade GBP_USD
2023-07-19 20:40:10 Ready to trade EUR_CHF
2023-07-19 20:40:11 Ready to trade EUR_GBP
2023-07-19 20:41:04 EUR_USD new candle 2023-07-19 19:40:00+00:00
2023-07-19 20:41:04 GBP_JPY new candle 2023-07-19 19:40:00+00:00
2023-07-19 20:41:04 AUD_USD new candle 2023-07-19 19:40:00+00:00
2023-07-19 20:41:04 GBP_USD new candle 2023-07-19 19:40:00+00:00
2023-07-19 20:41:04 EUR_CHF new candle 2023-07-19 19:40:00+00:00
2023-07-19 20:41:05 EUR_GBP new candle 2023-07-19 19:40:00+00:00
2023-07-19 20:41:05 Ready to trade EUR_USD
2023-07-19 20:41:05 Ready to trade GBP_JPY
2023-07-19 20:41:05 Ready to trade AUD_USD
2023-07-19 20:41:05 Ready to trade GBP_USD
2023-07-19 20:41:05 Ready to trade EUR_CHF
2023-07-19 20:41:05 Ready to trade EUR_GBP
2023-07-19 20:42:09 EUR_USD new candle 2023-07-19 19:41:00+00:00
2023-07-19 20:42:09 GBP_JPY new candle 2023-07-19 19:41:00+00:00
2023-07-19 20:42:09 AUD_USD new candle 2023-07-19 19:41:00+00:00
2023-07-19 20:42:09 GBP_USD new candle 2023-07-19 19:41:00+00:00
2023-07-19 20:42:10 EUR_CHF new candle 2023-07-19 19:41:00+00:00
2023-07-19 20:42:10 EUR_GBP new candle 2023-07-19 19:41:00+00:00
2023-07-19 20:42:10 Ready to trade EUR_USD
2023-07-19 20:42:10 Ready to trade GBP_JPY
2023-07-19 20:42:10 Ready to trade AUD_USD
2023-07-19 20:42:10 Ready to trade GBP_USD
2023-07-19 20:42:10 Ready to trade EUR_CHF
2023-07-19 20:42:10 Ready to trade EUR_GBP
2023-07-19 20:43:04 GBP_JPY new candle 2023-07-19 19:42:00+00:00
2023-07-19 20:43:05 Ready to trade GBP_JPY
2023-07-19 20:43:15 EUR_USD new candle 2023-07-19 19:42:00+00:00
2023-07-19 20:43:16 AUD_USD new candle 2023-07-19 19:42:00+00:00
2023-07-19 20:43:16 GBP_USD new candle 2023-07-19 19:42:00+00:00
2023-07-19 20:43:16 EUR_CHF new candle 2023-07-19 19:42:00+00:00
2023-07-19 20:43:16 EUR_GBP new candle 2023-07-19 19:42:00+00:00
2023-07-19 20:43:16 Ready to trade EUR_USD
2023-07-19 20:43:16 Ready to trade AUD_USD
2023-07-19 20:43:16 Ready to trade GBP_USD
2023-07-19 20:43:16 Ready to trade EUR_CHF
2023-07-19 20:43:17 Ready to trade EUR_GBP
2023-07-19 20:44:00 GBP_USD new candle 2023-07-19 19:43:00+00:00
2023-07-19 20:44:00 Ready to trade GBP_USD
2023-07-19 20:44:11 EUR_USD new candle 2023-07-19 19:43:00+00:00
2023-07-19 20:44:11 GBP_JPY new candle 2023-07-19 19:43:00+00:00
2023-07-19 20:44:11 AUD_USD new candle 2023-07-19 19:43:00+00:00
2023-07-19 20:44:11 EUR_CHF new candle 2023-07-19 19:43:00+00:00
2023-07-19 20:44:11 EUR_GBP new candle 2023-07-19 19:43:00+00:00
2023-07-19 20:44:11 Ready to trade EUR_USD
2023-07-19 20:44:11 Ready to trade GBP_JPY
2023-07-19 20:44:11 Ready to trade AUD_USD
2023-07-19 20:44:11 Ready to trade EUR_CHF
2023-07-19 20:44:12 Ready to trade EUR_GBP
2023-07-19 20:45:05 EUR_USD new candle 2023-07-19 19:44:00+00:00
2023-07-19 20:45:05 GBP_JPY new candle 2023-07-19 19:44:00+00:00
2023-07-19 20:45:05 AUD_USD new candle 2023-07-19 19:44:00+00:00
2023-07-19 20:45:05 GBP_USD new candle 2023-07-19 19:44:00+00:00
2023-07-19 20:45:06 EUR_CHF new candle 2023-07-19 19:44:00+00:00
2023-07-19 20:45:06 EUR_GBP new candle 2023-07-19 19:44:00+00:00
2023-07-19 20:45:06 Ready to trade EUR_USD
2023-07-19 20:45:06 Ready to trade GBP_JPY
2023-07-19 20:45:06 Ready to trade AUD_USD
2023-07-19 20:45:06 Ready to trade GBP_USD
2023-07-19 20:45:06 Ready to trade EUR_CHF
2023-07-19 20:45:06 Ready to trade EUR_GBP
2023-07-19 20:46:00 EUR_USD new candle 2023-07-19 19:45:00+00:00
2023-07-19 20:46:00 GBP_JPY new candle 2023-07-19 19:45:00+00:00
2023-07-19 20:46:00 AUD_USD new candle 2023-07-19 19:45:00+00:00
2023-07-19 20:46:01 GBP_USD new candle 2023-07-19 19:45:00+00:00
2023-07-19 20:46:01 EUR_CHF new candle 2023-07-19 19:45:00+00:00
2023-07-19 20:46:01 Ready to trade EUR_USD
2023-07-19 20:46:01 Ready to trade GBP_JPY
2023-07-19 20:46:01 Ready to trade AUD_USD
2023-07-19 20:46:01 Ready to trade GBP_USD
2023-07-19 20:46:01 Ready to trade EUR_CHF
2023-07-19 20:46:12 EUR_GBP new candle 2023-07-19 19:45:00+00:00
2023-07-19 20:46:12 Ready to trade EUR_GBP
2023-07-19 20:47:06 EUR_USD new candle 2023-07-19 19:46:00+00:00
2023-07-19 20:47:06 GBP_JPY new candle 2023-07-19 19:46:00+00:00
2023-07-19 20:47:06 AUD_USD new candle 2023-07-19 19:46:00+00:00
2023-07-19 20:47:06 GBP_USD new candle 2023-07-19 19:46:00+00:00
2023-07-19 20:47:06 EUR_CHF new candle 2023-07-19 19:46:00+00:00
2023-07-19 20:47:06 EUR_GBP new candle 2023-07-19 19:46:00+00:00
2023-07-19 20:47:06 Ready to trade EUR_USD
2023-07-19 20:47:06 Ready to trade GBP_JPY
2023-07-19 20:47:07 Ready to trade AUD_USD
2023-07-19 20:47:07 Ready to trade GBP_USD
2023-07-19 20:47:07 Ready to trade EUR_CHF
2023-07-19 20:47:07 Ready to trade EUR_GBP
2023-07-19 20:48:06 EUR_USD new candle 2023-07-19 19:47:00+00:00
2023-07-19 20:48:06 GBP_JPY new candle 2023-07-19 19:47:00+00:00
2023-07-19 20:48:06 AUD_USD new candle 2023-07-19 19:47:00+00:00
2023-07-19 20:48:06 GBP_USD new candle 2023-07-19 19:47:00+00:00
2023-07-19 20:48:06 EUR_CHF new candle 2023-07-19 19:47:00+00:00
2023-07-19 20:48:07 EUR_GBP new candle 2023-07-19 19:47:00+00:00
2023-07-19 20:48:07 Ready to trade EUR_USD
2023-07-19 20:48:07 Ready to trade GBP_JPY
2023-07-19 20:48:07 Ready to trade AUD_USD
2023-07-19 20:48:07 Ready to trade GBP_USD
2023-07-19 20:48:07 Ready to trade EUR_CHF
2023-07-19 20:48:07 Ready to trade EUR_GBP
2023-07-19 20:49:09 EUR_USD new candle 2023-07-19 19:48:00+00:00
2023-07-19 20:49:09 GBP_JPY new candle 2023-07-19 19:48:00+00:00
2023-07-19 20:49:09 AUD_USD new candle 2023-07-19 19:48:00+00:00
2023-07-19 20:49:09 GBP_USD new candle 2023-07-19 19:48:00+00:00
2023-07-19 20:49:09 EUR_CHF new candle 2023-07-19 19:48:00+00:00
2023-07-19 20:49:09 EUR_GBP new candle 2023-07-19 19:48:00+00:00
2023-07-19 20:49:09 Ready to trade EUR_USD
2023-07-19 20:49:09 Ready to trade GBP_JPY
2023-07-19 20:49:10 Ready to trade AUD_USD
2023-07-19 20:49:10 Ready to trade GBP_USD
2023-07-19 20:49:10 Ready to trade EUR_CHF
2023-07-19 20:49:10 Ready to trade EUR_GBP
2023-07-19 20:50:06 EUR_USD new candle 2023-07-19 19:49:00+00:00
2023-07-19 20:50:06 GBP_JPY new candle 2023-07-19 19:49:00+00:00
2023-07-19 20:50:06 AUD_USD new candle 2023-07-19 19:49:00+00:00
2023-07-19 20:50:06 GBP_USD new candle 2023-07-19 19:49:00+00:00
2023-07-19 20:50:06 EUR_CHF new candle 2023-07-19 19:49:00+00:00
2023-07-19 20:50:07 EUR_GBP new candle 2023-07-19 19:49:00+00:00
2023-07-19 20:50:07 Ready to trade EUR_USD
2023-07-19 20:50:07 Ready to trade GBP_JPY
2023-07-19 20:50:07 Ready to trade AUD_USD
2023-07-19 20:50:07 Ready to trade GBP_USD
2023-07-19 20:50:07 Ready to trade EUR_CHF
2023-07-19 20:50:07 Ready to trade EUR_GBP
2023-07-19 20:51:06 EUR_USD new candle 2023-07-19 19:50:00+00:00
2023-07-19 20:51:06 GBP_JPY new candle 2023-07-19 19:50:00+00:00
2023-07-19 20:51:06 AUD_USD new candle 2023-07-19 19:50:00+00:00
2023-07-19 20:51:06 GBP_USD new candle 2023-07-19 19:50:00+00:00
2023-07-19 20:51:07 EUR_CHF new candle 2023-07-19 19:50:00+00:00
2023-07-19 20:51:07 EUR_GBP new candle 2023-07-19 19:50:00+00:00
2023-07-19 20:51:07 Ready to trade EUR_USD
2023-07-19 20:51:38 Ready to trade GBP_JPY
2023-07-19 20:51:40 Ready to trade AUD_USD
2023-07-19 20:51:40 Ready to trade GBP_USD
2023-07-19 20:51:40 Ready to trade EUR_CHF
2023-07-19 20:51:40 Ready to trade EUR_GBP
2023-07-19 20:52:02 GBP_JPY new candle 2023-07-19 19:51:00+00:00
2023-07-19 20:52:03 EUR_GBP new candle 2023-07-19 19:51:00+00:00
2023-07-19 20:52:03 Ready to trade GBP_JPY
2023-07-19 20:52:03 Ready to trade EUR_GBP
2023-07-19 20:52:13 EUR_USD new candle 2023-07-19 19:51:00+00:00
2023-07-19 20:52:28 AUD_USD new candle 2023-07-19 19:51:00+00:00
2023-07-19 20:52:29 GBP_USD new candle 2023-07-19 19:51:00+00:00
2023-07-19 20:52:29 EUR_CHF new candle 2023-07-19 19:51:00+00:00
2023-07-19 20:52:29 Ready to trade EUR_USD
2023-07-19 20:52:29 Ready to trade AUD_USD
2023-07-19 20:52:29 Ready to trade GBP_USD
2023-07-19 20:52:29 Ready to trade EUR_CHF
2023-07-19 20:53:01 GBP_JPY new candle 2023-07-19 19:52:00+00:00
2023-07-19 20:53:02 AUD_USD new candle 2023-07-19 19:52:00+00:00
2023-07-19 20:53:02 GBP_USD new candle 2023-07-19 19:52:00+00:00
2023-07-19 20:53:02 EUR_GBP new candle 2023-07-19 19:52:00+00:00
2023-07-19 20:53:02 Ready to trade GBP_JPY
2023-07-19 20:53:02 Ready to trade AUD_USD
2023-07-19 20:53:02 Ready to trade GBP_USD
2023-07-19 20:53:02 Ready to trade EUR_GBP
2023-07-19 20:53:13 EUR_USD new candle 2023-07-19 19:52:00+00:00
2023-07-19 20:53:13 EUR_CHF new candle 2023-07-19 19:52:00+00:00
2023-07-19 20:53:13 Ready to trade EUR_USD
2023-07-19 20:53:13 Ready to trade EUR_CHF
2023-07-19 20:54:07 EUR_USD new candle 2023-07-19 19:53:00+00:00
2023-07-19 20:54:07 GBP_JPY new candle 2023-07-19 19:53:00+00:00
2023-07-19 20:54:07 AUD_USD new candle 2023-07-19 19:53:00+00:00
2023-07-19 20:54:07 GBP_USD new candle 2023-07-19 19:53:00+00:00
2023-07-19 20:54:07 EUR_CHF new candle 2023-07-19 19:53:00+00:00
2023-07-19 20:54:07 EUR_GBP new candle 2023-07-19 19:53:00+00:00
2023-07-19 20:54:07 Ready to trade EUR_USD
2023-07-19 20:54:08 Ready to trade GBP_JPY
2023-07-19 20:54:08 Ready to trade AUD_USD
2023-07-19 20:54:08 Ready to trade GBP_USD
2023-07-19 20:54:08 Ready to trade EUR_CHF
2023-07-19 20:54:08 Ready to trade EUR_GBP
2023-07-19 20:55:02 EUR_USD new candle 2023-07-19 19:54:00+00:00
2023-07-19 20:55:02 GBP_JPY new candle 2023-07-19 19:54:00+00:00
2023-07-19 20:55:02 AUD_USD new candle 2023-07-19 19:54:00+00:00
2023-07-19 20:55:03 GBP_USD new candle 2023-07-19 19:54:00+00:00
2023-07-19 20:55:03 EUR_CHF new candle 2023-07-19 19:54:00+00:00
2023-07-19 20:55:03 EUR_GBP new candle 2023-07-19 19:54:00+00:00
2023-07-19 20:55:03 Ready to trade EUR_USD
2023-07-19 20:55:03 Ready to trade GBP_JPY
2023-07-19 20:55:03 Ready to trade AUD_USD
2023-07-19 20:55:03 Ready to trade GBP_USD
2023-07-19 20:55:03 Ready to trade EUR_CHF
2023-07-19 20:55:03 Ready to trade EUR_GBP
2023-07-19 20:56:07 EUR_USD new candle 2023-07-19 19:55:00+00:00
2023-07-19 20:56:08 GBP_JPY new candle 2023-07-19 19:55:00+00:00
2023-07-19 20:56:08 AUD_USD new candle 2023-07-19 19:55:00+00:00
2023-07-19 20:56:08 GBP_USD new candle 2023-07-19 19:55:00+00:00
2023-07-19 20:56:08 EUR_CHF new candle 2023-07-19 19:55:00+00:00
2023-07-19 20:56:08 EUR_GBP new candle 2023-07-19 19:55:00+00:00
2023-07-19 20:56:08 Ready to trade EUR_USD
2023-07-19 20:56:08 Ready to trade GBP_JPY
2023-07-19 20:56:08 Ready to trade AUD_USD
2023-07-19 20:56:09 Ready to trade GBP_USD
2023-07-19 20:56:09 Ready to trade EUR_CHF
2023-07-19 20:56:09 Ready to trade EUR_GBP
2023-07-19 20:57:03 EUR_USD new candle 2023-07-19 19:56:00+00:00
2023-07-19 20:57:03 GBP_JPY new candle 2023-07-19 19:56:00+00:00
2023-07-19 20:57:03 GBP_USD new candle 2023-07-19 19:56:00+00:00
2023-07-19 20:57:03 EUR_GBP new candle 2023-07-19 19:56:00+00:00
2023-07-19 20:57:03 Ready to trade EUR_USD
2023-07-19 20:57:03 Ready to trade GBP_JPY
2023-07-19 20:57:04 Ready to trade GBP_USD
2023-07-19 20:57:04 Ready to trade EUR_GBP
2023-07-19 20:57:14 AUD_USD new candle 2023-07-19 19:56:00+00:00
2023-07-19 20:57:14 EUR_CHF new candle 2023-07-19 19:56:00+00:00
2023-07-19 20:57:15 Ready to trade AUD_USD
2023-07-19 20:57:15 Ready to trade EUR_CHF
2023-07-19 20:58:08 EUR_USD new candle 2023-07-19 19:57:00+00:00
2023-07-19 20:58:08 GBP_JPY new candle 2023-07-19 19:57:00+00:00
2023-07-19 20:58:08 AUD_USD new candle 2023-07-19 19:57:00+00:00
2023-07-19 20:58:08 GBP_USD new candle 2023-07-19 19:57:00+00:00
2023-07-19 20:58:08 EUR_CHF new candle 2023-07-19 19:57:00+00:00
2023-07-19 20:58:09 EUR_GBP new candle 2023-07-19 19:57:00+00:00
2023-07-19 20:58:09 Ready to trade EUR_USD
2023-07-19 20:58:09 Ready to trade GBP_JPY
2023-07-19 20:58:09 Ready to trade AUD_USD
2023-07-19 20:58:09 Ready to trade GBP_USD
2023-07-19 20:58:09 Ready to trade EUR_CHF
2023-07-19 20:58:09 Ready to trade EUR_GBP
2023-07-19 20:59:03 EUR_USD new candle 2023-07-19 19:58:00+00:00
2023-07-19 20:59:03 GBP_JPY new candle 2023-07-19 19:58:00+00:00
2023-07-19 20:59:03 AUD_USD new candle 2023-07-19 19:58:00+00:00
2023-07-19 20:59:03 GBP_USD new candle 2023-07-19 19:58:00+00:00
2023-07-19 20:59:03 EUR_CHF new candle 2023-07-19 19:58:00+00:00
2023-07-19 20:59:03 EUR_GBP new candle 2023-07-19 19:58:00+00:00
2023-07-19 20:59:03 Ready to trade EUR_USD
2023-07-19 20:59:03 Ready to trade GBP_JPY
2023-07-19 20:59:03 Ready to trade AUD_USD
2023-07-19 20:59:03 Ready to trade GBP_USD
2023-07-19 20:59:04 Ready to trade EUR_CHF
2023-07-19 20:59:04 Ready to trade EUR_GBP
2023-07-19 21:00:08 EUR_USD new candle 2023-07-19 19:59:00+00:00
2023-07-19 21:00:08 GBP_JPY new candle 2023-07-19 19:59:00+00:00
2023-07-19 21:00:08 AUD_USD new candle 2023-07-19 19:59:00+00:00
2023-07-19 21:00:08 GBP_USD new candle 2023-07-19 19:59:00+00:00
2023-07-19 21:00:08 EUR_CHF new candle 2023-07-19 19:59:00+00:00
2023-07-19 21:00:08 EUR_GBP new candle 2023-07-19 19:59:00+00:00
2023-07-19 21:00:08 Ready to trade EUR_USD
2023-07-19 21:00:09 Ready to trade GBP_JPY
2023-07-19 21:00:09 Ready to trade AUD_USD
2023-07-19 21:00:09 Ready to trade GBP_USD
2023-07-19 21:00:09 Ready to trade EUR_CHF
2023-07-19 21:00:09 Ready to trade EUR_GBP
2023-07-19 21:01:03 EUR_USD new candle 2023-07-19 20:00:00+00:00
2023-07-19 21:01:03 GBP_JPY new candle 2023-07-19 20:00:00+00:00
2023-07-19 21:01:03 GBP_USD new candle 2023-07-19 20:00:00+00:00
2023-07-19 21:01:03 EUR_CHF new candle 2023-07-19 20:00:00+00:00
2023-07-19 21:01:03 EUR_GBP new candle 2023-07-19 20:00:00+00:00
2023-07-19 21:01:03 Ready to trade EUR_USD
2023-07-19 21:01:03 Ready to trade GBP_JPY
2023-07-19 21:01:03 Ready to trade GBP_USD
2023-07-19 21:01:04 Ready to trade EUR_CHF
2023-07-19 21:01:04 Ready to trade EUR_GBP
2023-07-19 21:01:15 AUD_USD new candle 2023-07-19 20:00:00+00:00
2023-07-19 21:01:15 Ready to trade AUD_USD
2023-07-19 21:02:09 EUR_USD new candle 2023-07-19 20:01:00+00:00
2023-07-19 21:02:09 GBP_JPY new candle 2023-07-19 20:01:00+00:00
2023-07-19 21:02:09 AUD_USD new candle 2023-07-19 20:01:00+00:00
2023-07-19 21:02:09 GBP_USD new candle 2023-07-19 20:01:00+00:00
2023-07-19 21:02:09 EUR_CHF new candle 2023-07-19 20:01:00+00:00
2023-07-19 21:02:09 EUR_GBP new candle 2023-07-19 20:01:00+00:00
2023-07-19 21:02:09 Ready to trade EUR_USD
2023-07-19 21:02:09 Ready to trade GBP_JPY
2023-07-19 21:02:10 Ready to trade AUD_USD
2023-07-19 21:02:10 Ready to trade GBP_USD
2023-07-19 21:02:10 Ready to trade EUR_CHF
2023-07-19 21:02:10 Ready to trade EUR_GBP
2023-07-19 21:03:04 EUR_USD new candle 2023-07-19 20:02:00+00:00
2023-07-19 21:03:04 GBP_JPY new candle 2023-07-19 20:02:00+00:00
2023-07-19 21:03:04 AUD_USD new candle 2023-07-19 20:02:00+00:00
2023-07-19 21:03:04 GBP_USD new candle 2023-07-19 20:02:00+00:00
2023-07-19 21:03:04 EUR_CHF new candle 2023-07-19 20:02:00+00:00
2023-07-19 21:03:04 EUR_GBP new candle 2023-07-19 20:02:00+00:00
2023-07-19 21:03:04 Ready to trade EUR_USD
2023-07-19 21:03:04 Ready to trade GBP_JPY
2023-07-19 21:03:05 Ready to trade AUD_USD
2023-07-19 21:03:05 Ready to trade GBP_USD
2023-07-19 21:03:05 Ready to trade EUR_CHF
2023-07-19 21:03:05 Ready to trade EUR_GBP
2023-07-19 21:04:09 EUR_USD new candle 2023-07-19 20:03:00+00:00
2023-07-19 21:04:09 GBP_JPY new candle 2023-07-19 20:03:00+00:00
2023-07-19 21:04:09 AUD_USD new candle 2023-07-19 20:03:00+00:00
2023-07-19 21:04:09 GBP_USD new candle 2023-07-19 20:03:00+00:00
2023-07-19 21:04:10 EUR_CHF new candle 2023-07-19 20:03:00+00:00
2023-07-19 21:04:10 EUR_GBP new candle 2023-07-19 20:03:00+00:00
2023-07-19 21:04:10 Ready to trade EUR_USD
2023-07-19 21:04:10 Ready to trade GBP_JPY
2023-07-19 21:04:10 Ready to trade AUD_USD
2023-07-19 21:04:10 Ready to trade GBP_USD
2023-07-19 21:04:10 Ready to trade EUR_CHF
2023-07-19 21:04:10 Ready to trade EUR_GBP
2023-07-19 21:05:04 EUR_USD new candle 2023-07-19 20:04:00+00:00
2023-07-19 21:05:04 GBP_JPY new candle 2023-07-19 20:04:00+00:00
2023-07-19 21:05:04 AUD_USD new candle 2023-07-19 20:04:00+00:00
2023-07-19 21:05:04 GBP_USD new candle 2023-07-19 20:04:00+00:00
2023-07-19 21:05:04 EUR_CHF new candle 2023-07-19 20:04:00+00:00
2023-07-19 21:05:04 EUR_GBP new candle 2023-07-19 20:04:00+00:00
2023-07-19 21:05:04 Ready to trade EUR_USD
2023-07-19 21:05:04 Ready to trade GBP_JPY
2023-07-19 21:05:05 Ready to trade AUD_USD
2023-07-19 21:05:05 Ready to trade GBP_USD
2023-07-19 21:05:05 Ready to trade EUR_CHF
2023-07-19 21:05:05 Ready to trade EUR_GBP
2023-07-19 21:06:09 EUR_USD new candle 2023-07-19 20:05:00+00:00
2023-07-19 21:06:10 GBP_JPY new candle 2023-07-19 20:05:00+00:00
2023-07-19 21:06:10 AUD_USD new candle 2023-07-19 20:05:00+00:00
2023-07-19 21:06:10 GBP_USD new candle 2023-07-19 20:05:00+00:00
2023-07-19 21:06:10 EUR_CHF new candle 2023-07-19 20:05:00+00:00
2023-07-19 21:06:10 EUR_GBP new candle 2023-07-19 20:05:00+00:00
2023-07-19 21:06:10 Ready to trade EUR_USD
2023-07-19 21:06:10 Ready to trade GBP_JPY
2023-07-19 21:06:10 Ready to trade AUD_USD
2023-07-19 21:06:10 Ready to trade GBP_USD
2023-07-19 21:06:11 Ready to trade EUR_CHF
2023-07-19 21:06:11 Ready to trade EUR_GBP
2023-07-19 21:08:37 EUR_USD new candle 2023-07-19 20:07:00+00:00
2023-07-19 21:08:36 GBP_JPY new candle 2023-07-19 20:07:00+00:00
2023-07-19 21:08:37 AUD_USD new candle 2023-07-19 20:07:00+00:00
2023-07-19 21:08:37 GBP_USD new candle 2023-07-19 20:07:00+00:00
2023-07-19 21:08:37 EUR_CHF new candle 2023-07-19 20:07:00+00:00
2023-07-19 21:08:37 EUR_GBP new candle 2023-07-19 20:07:00+00:00
2023-07-19 21:08:37 Ready to trade EUR_USD
2023-07-19 21:08:38 Ready to trade GBP_JPY
2023-07-19 21:08:38 Ready to trade AUD_USD
2023-07-19 21:08:38 Ready to trade GBP_USD
2023-07-19 21:08:38 Ready to trade EUR_CHF
2023-07-19 21:08:38 Ready to trade EUR_GBP
2023-07-19 21:09:40 EUR_USD new candle 2023-07-19 20:08:00+00:00
2023-07-19 21:09:40 GBP_JPY new candle 2023-07-19 20:08:00+00:00
2023-07-19 21:09:41 AUD_USD new candle 2023-07-19 20:08:00+00:00
2023-07-19 21:09:41 GBP_USD new candle 2023-07-19 20:08:00+00:00
2023-07-19 21:09:41 EUR_CHF new candle 2023-07-19 20:08:00+00:00
2023-07-19 21:09:41 EUR_GBP new candle 2023-07-19 20:08:00+00:00
2023-07-19 21:09:41 Ready to trade EUR_USD
2023-07-19 21:09:41 Ready to trade GBP_JPY
2023-07-19 21:09:42 Ready to trade AUD_USD
2023-07-19 21:09:42 Ready to trade GBP_USD
2023-07-19 21:09:42 Ready to trade EUR_CHF
2023-07-19 21:09:42 Ready to trade EUR_GBP
2023-07-19 21:10:04 EUR_USD new candle 2023-07-19 20:09:00+00:00
2023-07-19 21:10:04 GBP_JPY new candle 2023-07-19 20:09:00+00:00
2023-07-19 21:10:04 AUD_USD new candle 2023-07-19 20:09:00+00:00
2023-07-19 21:10:04 EUR_CHF new candle 2023-07-19 20:09:00+00:00
2023-07-19 21:10:05 Ready to trade EUR_USD
2023-07-19 21:10:05 Ready to trade GBP_JPY
2023-07-19 21:10:05 Ready to trade AUD_USD
2023-07-19 21:10:05 Ready to trade EUR_CHF
2023-07-19 21:10:17 GBP_USD new candle 2023-07-19 20:09:00+00:00
2023-07-19 21:10:17 EUR_GBP new candle 2023-07-19 20:09:00+00:00
2023-07-19 21:10:17 Ready to trade GBP_USD
2023-07-19 21:10:17 Ready to trade EUR_GBP
2023-07-19 21:11:10 EUR_USD new candle 2023-07-19 20:10:00+00:00
2023-07-19 21:11:10 GBP_JPY new candle 2023-07-19 20:10:00+00:00
2023-07-19 21:11:11 AUD_USD new candle 2023-07-19 20:10:00+00:00
2023-07-19 21:11:11 GBP_USD new candle 2023-07-19 20:10:00+00:00
2023-07-19 21:11:11 EUR_CHF new candle 2023-07-19 20:10:00+00:00
2023-07-19 21:11:11 EUR_GBP new candle 2023-07-19 20:10:00+00:00
2023-07-19 21:11:11 Ready to trade EUR_USD
2023-07-19 21:11:11 Ready to trade GBP_JPY
2023-07-19 21:11:11 Ready to trade AUD_USD
2023-07-19 21:11:11 Ready to trade GBP_USD
2023-07-19 21:11:11 Ready to trade EUR_CHF
2023-07-19 21:11:12 Ready to trade EUR_GBP
2023-07-19 21:12:05 EUR_USD new candle 2023-07-19 20:11:00+00:00
2023-07-19 21:12:05 GBP_JPY new candle 2023-07-19 20:11:00+00:00
2023-07-19 21:12:06 AUD_USD new candle 2023-07-19 20:11:00+00:00
2023-07-19 21:12:06 GBP_USD new candle 2023-07-19 20:11:00+00:00
2023-07-19 21:12:06 EUR_CHF new candle 2023-07-19 20:11:00+00:00
2023-07-19 21:12:06 EUR_GBP new candle 2023-07-19 20:11:00+00:00
2023-07-19 21:12:06 Ready to trade EUR_USD
2023-07-19 21:12:06 Ready to trade GBP_JPY
2023-07-19 21:12:06 Ready to trade AUD_USD
2023-07-19 21:12:06 Ready to trade GBP_USD
2023-07-19 21:12:06 Ready to trade EUR_CHF
2023-07-19 21:12:07 Ready to trade EUR_GBP
2023-07-19 21:13:00 AUD_USD new candle 2023-07-19 20:12:00+00:00
2023-07-19 21:13:00 GBP_USD new candle 2023-07-19 20:12:00+00:00
2023-07-19 21:13:01 Ready to trade AUD_USD
2023-07-19 21:13:01 Ready to trade GBP_USD
2023-07-19 21:13:11 EUR_USD new candle 2023-07-19 20:12:00+00:00
2023-07-19 21:13:11 GBP_JPY new candle 2023-07-19 20:12:00+00:00
2023-07-19 21:13:12 EUR_CHF new candle 2023-07-19 20:12:00+00:00
2023-07-19 21:13:12 EUR_GBP new candle 2023-07-19 20:12:00+00:00
2023-07-19 21:13:12 Ready to trade EUR_USD
2023-07-19 21:13:12 Ready to trade GBP_JPY
2023-07-19 21:13:12 Ready to trade EUR_CHF
2023-07-19 21:13:12 Ready to trade EUR_GBP
2023-07-19 21:14:06 EUR_USD new candle 2023-07-19 20:13:00+00:00
2023-07-19 21:14:06 GBP_JPY new candle 2023-07-19 20:13:00+00:00
2023-07-19 21:14:06 AUD_USD new candle 2023-07-19 20:13:00+00:00
2023-07-19 21:14:06 GBP_USD new candle 2023-07-19 20:13:00+00:00
2023-07-19 21:14:06 EUR_CHF new candle 2023-07-19 20:13:00+00:00
2023-07-19 21:14:07 EUR_GBP new candle 2023-07-19 20:13:00+00:00
2023-07-19 21:14:07 Ready to trade EUR_USD
2023-07-19 21:14:07 Ready to trade GBP_JPY
2023-07-19 21:14:07 Ready to trade AUD_USD
2023-07-19 21:14:07 Ready to trade GBP_USD
2023-07-19 21:14:07 Ready to trade EUR_CHF
2023-07-19 21:14:07 Ready to trade EUR_GBP
2023-07-19 21:15:01 GBP_JPY new candle 2023-07-19 20:14:00+00:00
2023-07-19 21:15:01 GBP_USD new candle 2023-07-19 20:14:00+00:00
2023-07-19 21:15:01 EUR_CHF new candle 2023-07-19 20:14:00+00:00
2023-07-19 21:15:01 Ready to trade GBP_JPY
2023-07-19 21:15:01 Ready to trade GBP_USD
2023-07-19 21:15:01 Ready to trade EUR_CHF
2023-07-19 21:15:12 EUR_USD new candle 2023-07-19 20:14:00+00:00
2023-07-19 21:15:12 AUD_USD new candle 2023-07-19 20:14:00+00:00
2023-07-19 21:15:12 EUR_GBP new candle 2023-07-19 20:14:00+00:00
2023-07-19 21:15:12 Ready to trade EUR_USD
2023-07-19 21:15:12 Ready to trade AUD_USD
2023-07-19 21:15:13 Ready to trade EUR_GBP
